
VCFtools - 0.1.14
(C) Adam Auton and Anthony Marcketta 2009

Parameters as interpreted:
	--vcf ../../data/processed_vcf/A_02_popgen_filter_mac.vcf
	--exclude-positions ../../data/filtering_data/smb_genomics_popgen_het45.txt
	--recode-INFO-all
	--out ../../data/processed_vcf/A_03_popgen_filter_het45
	--recode

After filtering, kept 92 out of 92 Individuals
Outputting VCF file...
After filtering, kept 50828 out of a possible 51762 Sites
Run Time = 12.00 seconds

VCFtools - 0.1.14
(C) Adam Auton and Anthony Marcketta 2009

Parameters as interpreted:
	--vcf ../../data/processed_vcf/B_01_finerad_filter_mac.vcf
	--exclude-positions ../../data/filtering_data/smb_genomics_finerad_het45.txt
	--recode-INFO-all
	--out ../../data/processed_vcf/B_02_finerad_filter_het45
	--recode

After filtering, kept 92 out of 92 Individuals
Outputting VCF file...
After filtering, kept 98659 out of a possible 101932 Sites
Run Time = 23.00 seconds
