Autoloading gsl/gsl-2.4
Autoloading netlib-lapack/netlib-lapack-3.8.0
Autoloading openblas/openblas-0.2.20
parameter file: ../batch_cmd_lists/par.PED.EIGENSTRAT
genotypename: ../../data/processed_ped/popgen_mod.ped
snpname: ../../data/processed_ped/popgen_mod.map
indivname: ../../data/processed_ped/popgen_mod.ped
outputformat: EIGENSTRAT
genotypeoutname: ../../data/processed_eigensoft/popgen.eigenstratgeno
snpoutname: ../../data/processed_eigensoft/popgen.snp
indivoutname: ../../data/processed_eigensoft/popgen.ind
familynames: NO
*** warning.  genetic distances are in cM not Morgans
1	RAD_kmer_0000102	102	102

1 ignored
1 ignored
1 ignored
1 ignored
1 ignored
1 ignored
1 ignored
1 ignored
1 ignored
1 ignored
1 ignored
1 ignored
1 ignored
1 ignored
1 ignored
1 ignored
1 ignored
1 ignored
1 ignored
1 ignored
1 ignored
1 ignored
1 ignored
1 ignored
1 ignored
1 ignored
1 ignored
1 ignored
1 ignored
1 ignored
1 ignored
1 ignored
1 ignored
1 ignored
1 ignored
1 ignored
1 ignored
1 ignored
1 ignored
1 ignored
1 ignored
1 ignored
1 ignored
1 ignored
1 ignored
1 ignored
1 ignored
1 ignored
1 ignored
1 ignored
1 ignored
1 ignored
1 ignored
1 ignored
1 ignored
1 ignored
1 ignored
1 ignored
1 ignored
1 ignored
1 ignored
1 ignored
1 ignored
1 ignored
1 ignored
1 ignored
1 ignored
1 ignored
1 ignored
1 ignored
1 ignored
1 ignored
1 ignored
1 ignored
1 ignored
1 ignored
1 ignored
1 ignored
1 ignored
1 ignored
1 ignored
1 ignored
1 ignored
1 ignored
1 ignored
1 ignored
1 ignored
1 ignored
1 ignored
1 ignored
1 ignored
1 ignored
all individuals set ignore.  Likely input problem (col 6)
resetting all individual...
fatalx:
duplicate sample: 1
/var/spool/slurmd/job25196033/slurm_script: line 20: 29010 Aborted                 convertf -p ../batch_cmd_lists/par.PED.EIGENSTRAT
